<?xml version="1.0" encoding="UTF-8"?>
<!-- Generated by org.testng.reporters.JUnitReportReporter -->
<testsuite hostname="DDC5-L-2J9T5Q2" name="com.acc.selenium_21_aug.jqueri_action_frame_demo" tests="1" failures="0" timestamp="21 Nov 2019 07:43:57 GMT" time="18.127" errors="0">
  <testcase name="actionsClass" time="18.127" classname="com.acc.selenium_21_aug.jqueri_action_frame_demo"/>
</testsuite> <!-- com.acc.selenium_21_aug.jqueri_action_frame_demo -->
