<?xml version="1.0" encoding="UTF-8"?>
<!-- Generated by org.testng.reporters.JUnitReportReporter -->
<testsuite hostname="DDC5-L-2J9T5Q2" name="com.acc.selenium_21_aug.Hdfc_frame_example" tests="1" failures="0" timestamp="25 Nov 2019 04:49:10 GMT" time="38.370" errors="0">
  <testcase name="hdfc_frame" time="38.370" classname="com.acc.selenium_21_aug.Hdfc_frame_example"/>
</testsuite> <!-- com.acc.selenium_21_aug.Hdfc_frame_example -->
