<?xml version="1.0" encoding="UTF-8"?>
<!-- Generated by org.testng.reporters.JUnitReportReporter -->
<testsuite hostname="DDC5-L-2J9T5Q2" name="com.acc.selenium_21_aug.ActionsClass" tests="1" failures="0" timestamp="2 Sep 2019 06:49:10 GMT" time="13.527" errors="0">
  <testcase name="actionsClass" time="13.527" classname="com.acc.selenium_21_aug.ActionsClass"/>
</testsuite> <!-- com.acc.selenium_21_aug.ActionsClass -->
