<?xml version="1.0" encoding="UTF-8"?>
<!-- Generated by org.testng.reporters.JUnitReportReporter -->
<testsuite hostname="DDC5-L-2J9T5Q2" name="com.acc.selenium_21_aug.Rediff_Webtable" tests="1" failures="0" timestamp="25 Nov 2019 06:42:16 GMT" time="24.525" errors="0">
  <testcase name="rediff_webtable99" time="24.525" classname="com.acc.selenium_21_aug.Rediff_Webtable"/>
</testsuite> <!-- com.acc.selenium_21_aug.Rediff_Webtable -->
