<?xml version="1.0" encoding="UTF-8"?>
<!-- Generated by org.testng.reporters.JUnitReportReporter -->
<testsuite hostname="DDC5-L-2J9T5Q2" name="com.acc.selenium_21_aug.Orderdetails_Testme_app" tests="1" failures="0" timestamp="21 Nov 2019 07:47:13 GMT" time="6.281" errors="0">
  <testcase name="action2" time="6.281" classname="com.acc.selenium_21_aug.Orderdetails_Testme_app"/>
</testsuite> <!-- com.acc.selenium_21_aug.Orderdetails_Testme_app -->
