<?xml version="1.0" encoding="UTF-8"?>
<!-- Generated by org.testng.reporters.JUnitReportReporter -->
<testsuite hostname="DDC5-L-2J9T5Q2" name="com.acc.selenium_21_aug.Naukri_test" tests="1" failures="0" timestamp="21 Nov 2019 17:29:16 GMT" time="32.007" errors="0">
  <testcase name="NAUKRI_WINDOW" time="32.007" classname="com.acc.selenium_21_aug.Naukri_test"/>
</testsuite> <!-- com.acc.selenium_21_aug.Naukri_test -->
