<?xml version="1.0" encoding="UTF-8"?>
<!-- Generated by org.testng.reporters.JUnitReportReporter -->
<testsuite hostname="DDC5-L-2J9T5Q2" name="com.acc.selenium_21_aug.Rediff_alert_demo" tests="1" failures="0" timestamp="25 Nov 2019 05:07:40 GMT" time="3.262" errors="0">
  <testcase name="rediff_alert" time="3.262" classname="com.acc.selenium_21_aug.Rediff_alert_demo"/>
</testsuite> <!-- com.acc.selenium_21_aug.Rediff_alert_demo -->
