<?xml version="1.0" encoding="UTF-8"?>
<!-- Generated by org.testng.reporters.JUnitReportReporter -->
<testsuite hostname="DDC5-L-2J9T5Q2" name="com.acc.selenium_21_aug.Rediff_alert" tests="1" failures="0" timestamp="19 Sep 2019 06:55:05 GMT" time="5.052" errors="0">
  <testcase name="rediff_alert" time="5.052" classname="com.acc.selenium_21_aug.Rediff_alert"/>
</testsuite> <!-- com.acc.selenium_21_aug.Rediff_alert -->
