<?xml version="1.0" encoding="UTF-8"?>
<!-- Generated by org.testng.reporters.JUnitReportReporter -->
<testsuite hostname="DDC5-L-2J9T5Q2" name="com.acc.selenium_21_aug.Keyword_action_example" tests="1" failures="0" timestamp="21 Nov 2019 09:08:34 GMT" time="8.174" errors="0">
  <testcase name="login" time="8.174" classname="com.acc.selenium_21_aug.Keyword_action_example"/>
</testsuite> <!-- com.acc.selenium_21_aug.Keyword_action_example -->
