<?xml version="1.0" encoding="UTF-8"?>
<!-- Generated by org.testng.reporters.JUnitReportReporter -->
<testsuite hostname="DDC5-L-2J9T5Q2" name="com.acc.selenium_21_aug.Newtours_drop_down" tests="1" failures="0" timestamp="21 Nov 2019 06:48:57 GMT" time="31.499" errors="0">
  <testcase name="registration" time="31.499" classname="com.acc.selenium_21_aug.Newtours_drop_down"/>
</testsuite> <!-- com.acc.selenium_21_aug.Newtours_drop_down -->
