<?xml version="1.0" encoding="UTF-8"?>
<!-- Generated by org.testng.reporters.JUnitReportReporter -->
<testsuite hostname="DDC5-L-2J9T5Q2" name="com.acc.selenium_21_aug.Test_Me_App_about_us" tests="1" failures="0" timestamp="20 Sep 2019 07:26:03 GMT" time="2.042" errors="0">
  <testcase name="run" time="2.042" classname="com.acc.selenium_21_aug.Test_Me_App_about_us"/>
</testsuite> <!-- com.acc.selenium_21_aug.Test_Me_App_about_us -->
