<?xml version="1.0" encoding="UTF-8"?>
<!-- Generated by org.testng.reporters.JUnitReportReporter -->
<testsuite hostname="DDC5-L-2J9T5Q2" name="com.acc.selenium_21_aug.ReadWriteExcel" tests="1" failures="0" timestamp="25 Nov 2019 11:06:33 GMT" time="124.222" errors="0">
  <testcase name="ReadWrite" time="124.222" classname="com.acc.selenium_21_aug.ReadWriteExcel"/>
</testsuite> <!-- com.acc.selenium_21_aug.ReadWriteExcel -->
