<?xml version="1.0" encoding="UTF-8"?>
<!-- Generated by org.testng.reporters.JUnitReportReporter -->
<testsuite hostname="DDC5-L-2J9T5Q2" name="com.acc.selenium_21_aug.DataProviderTest" tests="3" failures="0" timestamp="21 Nov 2019 17:23:42 GMT" time="162.728" errors="0">
  <testcase name="test99" time="26.253" classname="com.acc.selenium_21_aug.DataProviderTest"/>
  <testcase name="test99" time="65.989" classname="com.acc.selenium_21_aug.DataProviderTest"/>
  <testcase name="test99" time="70.486" classname="com.acc.selenium_21_aug.DataProviderTest"/>
</testsuite> <!-- com.acc.selenium_21_aug.DataProviderTest -->
