<?xml version="1.0" encoding="UTF-8"?>
<!-- Generated by org.testng.reporters.JUnitReportReporter -->
<testsuite hostname="DDC5-L-2J9T5Q2" name="com.acc.selenium_21_aug.Case_study" tests="3" failures="0" timestamp="21 Nov 2019 10:12:40 GMT" time="18.525" errors="0">
  <testcase name="login" time="1.353" classname="com.acc.selenium_21_aug.Case_study"/>
  <testcase name="cart" time="10.752" classname="com.acc.selenium_21_aug.Case_study"/>
  <testcase name="signup" time="6.420" classname="com.acc.selenium_21_aug.Case_study"/>
</testsuite> <!-- com.acc.selenium_21_aug.Case_study -->
