<?xml version="1.0" encoding="UTF-8"?>
<!-- Generated by org.testng.reporters.JUnitReportReporter -->
<testsuite hostname="DDC5-D-4VL4T72" name="com.acc.selenium_maven_project.Selenium_demo" tests="1" failures="0" timestamp="30 Jul 2019 10:48:59 GMT" time="13.500" errors="0">
  <testcase name="hdfc_frame" time="13.500" classname="com.acc.selenium_maven_project.Selenium_demo"/>
</testsuite> <!-- com.acc.selenium_maven_project.Selenium_demo -->
