<?xml version="1.0" encoding="UTF-8"?>
<!-- Generated by org.testng.reporters.JUnitReportReporter -->
<testsuite hostname="DDC5-D-4VL4T72" name="com.acc.selenium_maven_project.ReadWriteExcel" tests="1" failures="0" timestamp="30 Jul 2019 09:40:52 GMT" time="82.253" errors="0">
  <testcase name="ReadWrite" time="82.253" classname="com.acc.selenium_maven_project.ReadWriteExcel"/>
</testsuite> <!-- com.acc.selenium_maven_project.ReadWriteExcel -->
