<?xml version="1.0" encoding="UTF-8"?>
<!-- Generated by org.testng.reporters.JUnitReportReporter -->
<testsuite hostname="DDC5-D-4SS6T72" name="com.tests.TestApp" tests="1" failures="0" timestamp="21 May 2019 06:56:49 GMT" time="23.384" errors="0">
  <testcase name="testMeApp" time="23.384" classname="com.tests.TestApp"/>
</testsuite> <!-- com.tests.TestApp -->
