<?xml version="1.0" encoding="UTF-8"?>
<!-- Generated by org.testng.reporters.JUnitReportReporter -->
<testsuite hostname="DDC5-L-2J9T5Q2" name="com.test.Verifytest_me_app_Login" tests="1" failures="0" timestamp="21 Nov 2019 07:42:30 GMT" time="22.608" errors="0">
  <testcase name="verifyValidLogin" time="22.608" classname="com.test.Verifytest_me_app_Login"/>
</testsuite> <!-- com.test.Verifytest_me_app_Login -->
