<?xml version="1.0" encoding="UTF-8"?>
<!-- Generated by org.testng.reporters.JUnitReportReporter -->
<testsuite skipped="0" hostname="BDC4-L-9Y87QQ2" name="com.test.VerifyWordpressLogin" tests="1" failures="0" timestamp="23 Feb 2019 10:14:44 GMT" time="28.692" errors="0">
  <testcase name="verifyValidLogin" time="28.692" classname="com.test.VerifyWordpressLogin"/>
</testsuite> <!-- com.test.VerifyWordpressLogin -->
